<?xml version="1.0" encoding="UTF-8"?>
<testng-results skipped="0" failed="0" total="2" passed="2">
  <reporter-output>
  </reporter-output>
  <suite name="Suite" duration-ms="72966" started-at="2019-07-14T11:48:24Z" finished-at="2019-07-14T11:49:37Z">
    <groups>
    </groups>
    <test name="Android Galaxy S7" duration-ms="27826" started-at="2019-07-14T11:48:24Z" finished-at="2019-07-14T11:48:52Z">
      <class name="IMDBappium">
        <test-method status="PASS" signature="beforTest(java.lang.String, java.lang.String)[pri:0, instance:IMDBappium@402f32ff]" name="beforTest" is-config="true" duration-ms="10616" started-at="2019-07-14T17:18:24Z" finished-at="2019-07-14T17:18:35Z">
          <params>
            <param index="0">
              <value>
                <![CDATA[]]>
              </value>
            </param>
            <param index="1">
              <value>
                <![CDATA[Android]]>
              </value>
            </param>
          </params>
          <reporter-output>
          </reporter-output>
        </test-method> <!-- beforTest -->
        <test-method status="PASS" signature="f()[pri:0, instance:IMDBappium@402f32ff]" name="f" duration-ms="1124" started-at="2019-07-14T17:18:35Z" finished-at="2019-07-14T17:18:36Z">
          <reporter-output>
          </reporter-output>
        </test-method> <!-- f -->
        <test-method status="PASS" signature="afterTest()[pri:0, instance:IMDBappium@402f32ff]" name="afterTest" is-config="true" duration-ms="16085" started-at="2019-07-14T17:18:36Z" finished-at="2019-07-14T17:18:52Z">
          <reporter-output>
          </reporter-output>
        </test-method> <!-- afterTest -->
      </class> <!-- IMDBappium -->
    </test> <!-- Android Galaxy S7 -->
    <test name="iOS Iphone -6" duration-ms="72966" started-at="2019-07-14T11:48:24Z" finished-at="2019-07-14T11:49:37Z">
      <class name="IMDBappium">
        <test-method status="PASS" signature="beforTest(java.lang.String, java.lang.String)[pri:0, instance:IMDBappium@5034c75a]" name="beforTest" is-config="true" duration-ms="7558" started-at="2019-07-14T17:18:24Z" finished-at="2019-07-14T17:18:31Z">
          <params>
            <param index="0">
              <value>
                <![CDATA[]]>
              </value>
            </param>
            <param index="1">
              <value>
                <![CDATA[iOS]]>
              </value>
            </param>
          </params>
          <reporter-output>
          </reporter-output>
        </test-method> <!-- beforTest -->
        <test-method status="PASS" signature="f()[pri:0, instance:IMDBappium@5034c75a]" name="f" duration-ms="49694" started-at="2019-07-14T17:18:31Z" finished-at="2019-07-14T17:19:21Z">
          <reporter-output>
          </reporter-output>
        </test-method> <!-- f -->
        <test-method status="PASS" signature="afterTest()[pri:0, instance:IMDBappium@5034c75a]" name="afterTest" is-config="true" duration-ms="15699" started-at="2019-07-14T17:19:21Z" finished-at="2019-07-14T17:19:37Z">
          <reporter-output>
          </reporter-output>
        </test-method> <!-- afterTest -->
      </class> <!-- IMDBappium -->
    </test> <!-- iOS Iphone -6 -->
  </suite> <!-- Suite -->
</testng-results>
